<?xml version="1.0" encoding="UTF-8"?>
<!-- Generated by org.testng.reporters.JUnitReportReporter -->
<testsuite hostname="LRIN-QA-08" failures="0" tests="1" name="testCases.Scenario2" time="57.255" errors="0" timestamp="2020-09-23T16:59:59 IST" skipped="0">
  <testcase classname="testCases.Scenario2" name="Flipkart" time="57.255"/>
  <system-out/>
</testsuite> <!-- testCases.Scenario2 -->
