<?xml version="1.0" encoding="UTF-8"?>
<!-- Generated by org.testng.reporters.JUnitReportReporter -->
<testsuite hostname="LRIN-QA-08" failures="0" tests="1" name="testCases.Scenario2" time="38.950" errors="0" timestamp="2020-09-27T13:30:49 IST" skipped="0">
  <testcase classname="testCases.Scenario2" name="Flipkart" time="38.950"/>
  <system-out/>
</testsuite> <!-- testCases.Scenario2 -->
