<?xml version="1.0" encoding="UTF-8"?>
<!-- Generated by org.testng.reporters.JUnitReportReporter -->
<testsuite hostname="LRIN-QA-08" failures="0" tests="1" name="testCases.Scenario1" time="37.464" errors="0" timestamp="2020-09-23T16:59:59 IST" skipped="0">
  <testcase classname="testCases.Scenario1" name="Flipkart" time="37.464"/>
  <system-out/>
</testsuite> <!-- testCases.Scenario1 -->
