<?xml version="1.0" encoding="UTF-8"?>
<!-- Generated by org.testng.reporters.JUnitReportReporter -->
<testsuite hostname="LRIN-QA-08" failures="0" tests="1" name="TestCase.Scenarios" time="70.197" errors="0" timestamp="2020-09-20T22:27:16 IST" skipped="0">
  <testcase classname="TestCase.Scenarios" name="Flipkart" time="70.197"/>
  <system-out/>
</testsuite> <!-- TestCase.Scenarios -->
